Determining if the Q_WS_WIN exist failed with the following output:
Change Dir: /home/dalab/workspace/fluid/manta/build/CMakeFiles/CMakeTmp

Run Build Command:/usr/bin/make "cmTryCompileExec1748883069/fast"
/usr/bin/make -f CMakeFiles/cmTryCompileExec1748883069.dir/build.make CMakeFiles/cmTryCompileExec1748883069.dir/build
make[1]: Entering directory `/home/dalab/workspace/fluid/manta/build/CMakeFiles/CMakeTmp'
/usr/bin/cmake -E cmake_progress_report /home/dalab/workspace/fluid/manta/build/CMakeFiles/CMakeTmp/CMakeFiles 1
Building CXX object CMakeFiles/cmTryCompileExec1748883069.dir/CheckSymbolExists.cxx.o
/usr/bin/c++    -I/usr/include/qt4    -o CMakeFiles/cmTryCompileExec1748883069.dir/CheckSymbolExists.cxx.o -c /home/dalab/workspace/fluid/manta/build/CMakeFiles/CMakeTmp/CheckSymbolExists.cxx
/home/dalab/workspace/fluid/manta/build/CMakeFiles/CMakeTmp/CheckSymbolExists.cxx: In function ‘int main(int, char**)’:
/home/dalab/workspace/fluid/manta/build/CMakeFiles/CMakeTmp/CheckSymbolExists.cxx:8:19: error: ‘Q_WS_WIN’ was not declared in this scope
   return ((int*)(&Q_WS_WIN))[argc];
                   ^
make[1]: Leaving directory `/home/dalab/workspace/fluid/manta/build/CMakeFiles/CMakeTmp'
make[1]: *** [CMakeFiles/cmTryCompileExec1748883069.dir/CheckSymbolExists.cxx.o] Error 1
make: *** [cmTryCompileExec1748883069/fast] Error 2

File /home/dalab/workspace/fluid/manta/build/CMakeFiles/CMakeTmp/CheckSymbolExists.cxx:
/* */
#include <QtCore/qglobal.h>

int main(int argc, char** argv)
{
  (void)argv;
#ifndef Q_WS_WIN
  return ((int*)(&Q_WS_WIN))[argc];
#else
  (void)argc;
  return 0;
#endif
}

Determining if the Q_WS_QWS exist failed with the following output:
Change Dir: /home/dalab/workspace/fluid/manta/build/CMakeFiles/CMakeTmp

Run Build Command:/usr/bin/make "cmTryCompileExec237109687/fast"
/usr/bin/make -f CMakeFiles/cmTryCompileExec237109687.dir/build.make CMakeFiles/cmTryCompileExec237109687.dir/build
make[1]: Entering directory `/home/dalab/workspace/fluid/manta/build/CMakeFiles/CMakeTmp'
/usr/bin/cmake -E cmake_progress_report /home/dalab/workspace/fluid/manta/build/CMakeFiles/CMakeTmp/CMakeFiles 1
Building CXX object CMakeFiles/cmTryCompileExec237109687.dir/CheckSymbolExists.cxx.o
/usr/bin/c++    -I/usr/include/qt4    -o CMakeFiles/cmTryCompileExec237109687.dir/CheckSymbolExists.cxx.o -c /home/dalab/workspace/fluid/manta/build/CMakeFiles/CMakeTmp/CheckSymbolExists.cxx
/home/dalab/workspace/fluid/manta/build/CMakeFiles/CMakeTmp/CheckSymbolExists.cxx: In function ‘int main(int, char**)’:
/home/dalab/workspace/fluid/manta/build/CMakeFiles/CMakeTmp/CheckSymbolExists.cxx:8:19: error: ‘Q_WS_QWS’ was not declared in this scope
   return ((int*)(&Q_WS_QWS))[argc];
                   ^
make[1]: Leaving directory `/home/dalab/workspace/fluid/manta/build/CMakeFiles/CMakeTmp'
make[1]: *** [CMakeFiles/cmTryCompileExec237109687.dir/CheckSymbolExists.cxx.o] Error 1
make: *** [cmTryCompileExec237109687/fast] Error 2

File /home/dalab/workspace/fluid/manta/build/CMakeFiles/CMakeTmp/CheckSymbolExists.cxx:
/* */
#include <QtCore/qglobal.h>

int main(int argc, char** argv)
{
  (void)argv;
#ifndef Q_WS_QWS
  return ((int*)(&Q_WS_QWS))[argc];
#else
  (void)argc;
  return 0;
#endif
}

Determining if the Q_WS_MAC exist failed with the following output:
Change Dir: /home/dalab/workspace/fluid/manta/build/CMakeFiles/CMakeTmp

Run Build Command:/usr/bin/make "cmTryCompileExec1910575258/fast"
/usr/bin/make -f CMakeFiles/cmTryCompileExec1910575258.dir/build.make CMakeFiles/cmTryCompileExec1910575258.dir/build
make[1]: Entering directory `/home/dalab/workspace/fluid/manta/build/CMakeFiles/CMakeTmp'
/usr/bin/cmake -E cmake_progress_report /home/dalab/workspace/fluid/manta/build/CMakeFiles/CMakeTmp/CMakeFiles 1
Building CXX object CMakeFiles/cmTryCompileExec1910575258.dir/CheckSymbolExists.cxx.o
/usr/bin/c++    -I/usr/include/qt4    -o CMakeFiles/cmTryCompileExec1910575258.dir/CheckSymbolExists.cxx.o -c /home/dalab/workspace/fluid/manta/build/CMakeFiles/CMakeTmp/CheckSymbolExists.cxx
/home/dalab/workspace/fluid/manta/build/CMakeFiles/CMakeTmp/CheckSymbolExists.cxx: In function ‘int main(int, char**)’:
/home/dalab/workspace/fluid/manta/build/CMakeFiles/CMakeTmp/CheckSymbolExists.cxx:8:19: error: ‘Q_WS_MAC’ was not declared in this scope
   return ((int*)(&Q_WS_MAC))[argc];
                   ^
make[1]: Leaving directory `/home/dalab/workspace/fluid/manta/build/CMakeFiles/CMakeTmp'
make[1]: *** [CMakeFiles/cmTryCompileExec1910575258.dir/CheckSymbolExists.cxx.o] Error 1
make: *** [cmTryCompileExec1910575258/fast] Error 2

File /home/dalab/workspace/fluid/manta/build/CMakeFiles/CMakeTmp/CheckSymbolExists.cxx:
/* */
#include <QtCore/qglobal.h>

int main(int argc, char** argv)
{
  (void)argv;
#ifndef Q_WS_MAC
  return ((int*)(&Q_WS_MAC))[argc];
#else
  (void)argc;
  return 0;
#endif
}

